Script started on Sun 18 Feb 2018 08:54:05 PM EST
]0;dev@ubuntu: ~/src/AdvancedOS/project1/cs6210Project1_test/test/cpu[01;32mdev@ubuntu[00m:[01;34m~/src/AdvancedOS/project1/cs6210Project1_test/test/cpu[00m$ ./monitor.py  [A
test0: ([(0, 1, 2768520000000L, 1)], [(False, True, False, False)])
test1: ([(0, 1, 2236940000000L, 0)], [(True, False, False, False)])
test2: ([(0, 1, 2765370000000L, 2)], [(False, False, True, False)])
test3: ([(0, 1, 2765510000000L, 3)], [(False, False, False, True)])
test4: ([(0, 1, 2195020000000L, 2)], [(True, True, True, True)])
test5: ([(0, 1, 2194810000000L, 3)], [(False, False, False, True)])
test6: ([(0, 1, 2200510000000L, 3)], [(True, True, True, True)])
test7: ([(0, 1, 2726420000000L, 0)], [(True, False, False, False)])
--------------------------------------------------------------------------------
0: 0.0 []
1: 0.0 []
2: 0.0 []
3: 0.0 []
--------------------------------------------------------------------------------
test0: ([(0, 1, 2768520000000L, 1)], [(False, True, False, False)])
test1: ([(0, 1, 2236940000000L, 0)], [(True, False, False, False)])
test2: ([(0, 1, 2765380000000L, 2)], [(False, False, True, False)])
test3: ([(0, 1, 2765510000000L, 3)], [(False, False, False, True)])
test4: ([(0, 1, 2195020000000L, 2)], [(True, True, True, True)])
test5: ([(0, 1, 2194810000000L, 3)], [(False, False, False, True)])
test6: ([(0, 1, 2200510000000L, 2)], [(True, True, True, True)])
test7: ([(0, 1, 2726430000000L, 0)], [(True, False, False, False)])
--------------------------------------------------------------------------------
0: 1.0 ['test1', 'test7']
1: 0.0 ['test0']
2: 1.0 ['test2', 'test4', 'test6']
3: 0.0 ['test3', 'test5']
--------------------------------------------------------------------------------
test0: ([(0, 1, 2768520000000L, 0)], [(True, True, True, True)])
test1: ([(0, 1, 2236940000000L, 0)], [(True, True, True, True)])
test2: ([(0, 1, 2765380000000L, 2)], [(True, True, True, True)])
test3: ([(0, 1, 2765520000000L, 3)], [(True, True, True, True)])
test4: ([(0, 1, 2195020000000L, 2)], [(True, True, True, True)])
test5: ([(0, 1, 2194810000000L, 3)], [(True, True, True, True)])
test6: ([(0, 1, 2200510000000L, 2)], [(True, True, True, True)])
test7: ([(0, 1, 2726430000000L, 0)], [(True, True, True, True)])
--------------------------------------------------------------------------------
0: 0.0 ['test0', 'test1', 'test7']
1: 0.0 []
2: 0.0 ['test2', 'test4', 'test6']
3: 1.0 ['test3', 'test5']
--------------------------------------------------------------------------------
test0: ([(0, 1, 2768520000000L, 0)], [(True, True, True, True)])
test1: ([(0, 1, 2236940000000L, 0)], [(True, True, True, True)])
test2: ([(0, 1, 2765380000000L, 2)], [(True, True, True, True)])
test3: ([(0, 1, 2765520000000L, 2)], [(True, True, True, True)])
test4: ([(0, 1, 2195020000000L, 3)], [(True, True, True, True)])
test5: ([(0, 1, 2194810000000L, 2)], [(True, True, True, True)])
test6: ([(0, 1, 2200510000000L, 2)], [(True, True, True, True)])
test7: ([(0, 1, 2726430000000L, 0)], [(True, True, True, True)])
--------------------------------------------------------------------------------
0: 0.0 ['test0', 'test1', 'test7']
1: 0.0 []
2: 0.0 ['test2', 'test3', 'test5', 'test6']
3: 0.0 ['test4']
--------------------------------------------------------------------------------
test0: ([(0, 1, 2768690000000L, 3)], [(True, True, True, True)])
test1: ([(0, 1, 2237110000000L, 3)], [(True, True, True, True)])
test2: ([(0, 1, 2765520000000L, 0)], [(True, True, True, True)])
test3: ([(0, 1, 2765640000000L, 1)], [(True, True, True, True)])
test4: ([(0, 1, 2195140000000L, 1)], [(True, True, True, True)])
test5: ([(0, 1, 2194930000000L, 1)], [(True, True, True, True)])
test6: ([(0, 1, 2200620000000L, 2)], [(True, True, True, True)])
test7: ([(0, 1, 2726570000000L, 3)], [(True, True, True, True)])
--------------------------------------------------------------------------------
0: 14.0 ['test2']
1: 36.0 ['test3', 'test4', 'test5']
2: 11.0 ['test6']
3: 48.0 ['test0', 'test1', 'test7']
--------------------------------------------------------------------------------
test0: ([(0, 1, 2769130000000L, 3)], [(True, True, True, True)])
test1: ([(0, 1, 2237540000000L, 2)], [(True, True, True, True)])
test2: ([(0, 1, 2765940000000L, 0)], [(True, True, True, True)])
test3: ([(0, 1, 2766060000000L, 1)], [(True, True, True, True)])
test4: ([(0, 1, 2195290000000L, 1)], [(True, True, True, True)])
test5: ([(0, 1, 2195090000000L, 2)], [(True, True, True, True)])
test6: ([(0, 1, 2200770000000L, 0)], [(True, True, True, True)])
test7: ([(0, 1, 2726720000000L, 3)], [(True, True, True, True)])
--------------------------------------------------------------------------------
0: 57.0 ['test2', 'test6']
1: 57.0 ['test3', 'test4']
2: 59.0 ['test1', 'test5']
3: 59.0 ['test0', 'test7']
--------------------------------------------------------------------------------
test0: ([(0, 1, 2769580000000L, 3)], [(True, True, True, True)])
test1: ([(0, 1, 2237990000000L, 2)], [(True, True, True, True)])
test2: ([(0, 1, 2766390000000L, 1)], [(True, True, True, True)])
test3: ([(0, 1, 2766520000000L, 1)], [(True, True, True, True)])
test4: ([(0, 1, 2195450000000L, 2)], [(True, True, True, True)])
test5: ([(0, 1, 2195260000000L, 1)], [(True, True, True, True)])
test6: ([(0, 1, 2200940000000L, 0)], [(True, True, True, True)])
test7: ([(0, 1, 2726890000000L, 3)], [(True, True, True, True)])
--------------------------------------------------------------------------------
0: 17.0 ['test6']
1: 108.0 ['test2', 'test3', 'test5']
2: 61.0 ['test1', 'test4']
3: 62.0 ['test0', 'test7']
--------------------------------------------------------------------------------
test0: ([(0, 1, 2770040000000L, 1)], [(True, True, True, True)])
test1: ([(0, 1, 2238450000000L, 3)], [(True, True, True, True)])
test2: ([(0, 1, 2766860000000L, 0)], [(True, True, True, True)])
test3: ([(0, 1, 2766980000000L, 2)], [(True, True, True, True)])
test4: ([(0, 1, 2195620000000L, 2)], [(True, True, True, True)])
test5: ([(0, 1, 2195430000000L, 2)], [(True, True, True, True)])
test6: ([(0, 1, 2201100000000L, 0)], [(True, True, True, True)])
test7: ([(0, 1, 2727060000000L, 1)], [(True, True, True, True)])
--------------------------------------------------------------------------------
0: 63.0 ['test2', 'test6']
1: 63.0 ['test0', 'test7']
2: 80.0 ['test3', 'test4', 'test5']
3: 46.0 ['test1']
--------------------------------------------------------------------------------
test0: ([(0, 1, 2770510000000L, 1)], [(True, True, True, True)])
test1: ([(0, 1, 2238920000000L, 0)], [(True, True, True, True)])
test2: ([(0, 1, 2767320000000L, 2)], [(True, True, True, True)])
test3: ([(0, 1, 2767440000000L, 3)], [(True, True, True, True)])
test4: ([(0, 1, 2195790000000L, 2)], [(True, True, True, True)])
test5: ([(0, 1, 2195600000000L, 2)], [(True, True, True, True)])
test6: ([(0, 1, 2201270000000L, 0)], [(True, True, True, True)])
test7: ([(0, 1, 2727220000000L, 1)], [(True, True, True, True)])
--------------------------------------------------------------------------------
0: 64.0 ['test1', 'test6']
1: 63.0 ['test0', 'test7']
2: 80.0 ['test2', 'test4', 'test5']
3: 46.0 ['test3']
--------------------------------------------------------------------------------
test0: ([(0, 1, 2770980000000L, 2)], [(True, True, True, True)])
test1: ([(0, 1, 2239390000000L, 3)], [(True, True, True, True)])
test2: ([(0, 1, 2767780000000L, 0)], [(True, True, True, True)])
test3: ([(0, 1, 2767910000000L, 1)], [(True, True, True, True)])
test4: ([(0, 1, 2195960000000L, 2)], [(True, True, True, True)])
test5: ([(0, 1, 2195770000000L, 1)], [(True, True, True, True)])
test6: ([(0, 1, 2201440000000L, 0)], [(True, True, True, True)])
test7: ([(0, 1, 2727390000000L, 3)], [(True, True, True, True)])
--------------------------------------------------------------------------------
0: 63.0 ['test2', 'test6']
1: 64.0 ['test3', 'test5']
2: 64.0 ['test0', 'test4']
3: 64.0 ['test1', 'test7']
--------------------------------------------------------------------------------
test0: ([(0, 1, 2771380000000L, 1)], [(True, True, True, True)])
test1: ([(0, 1, 2239850000000L, 3)], [(True, True, True, True)])
test2: ([(0, 1, 2768260000000L, 0)], [(True, False, False, False)])
test3: ([(0, 1, 2768400000000L, 0)], [(True, False, False, False)])
test4: ([(0, 1, 2196130000000L, 2)], [(True, True, True, True)])
test5: ([(0, 1, 2195930000000L, 2)], [(True, True, True, True)])
test6: ([(0, 1, 2201600000000L, 2)], [(True, True, True, True)])
test7: ([(0, 1, 2727560000000L, 1)], [(True, True, True, True)])
--------------------------------------------------------------------------------
0: 97.0 ['test2', 'test3']
1: 57.0 ['test0', 'test7']
2: 49.0 ['test4', 'test5', 'test6']
3: 46.0 ['test1']
--------------------------------------------------------------------------------
test0: ([(0, 1, 2771840000000L, 2)], [(True, True, True, True)])
test1: ([(0, 1, 2240320000000L, 3)], [(True, True, True, True)])
test2: ([(0, 1, 2768760000000L, 0)], [(True, False, False, False)])
test3: ([(0, 1, 2768890000000L, 0)], [(True, False, False, False)])
test4: ([(0, 1, 2196290000000L, 3)], [(True, True, True, True)])
test5: ([(0, 1, 2196060000000L, 1)], [(True, True, True, True)])
test6: ([(0, 1, 2201770000000L, 2)], [(True, True, True, True)])
test7: ([(0, 1, 2727690000000L, 1)], [(True, True, True, True)])
--------------------------------------------------------------------------------
0: 99.0 ['test2', 'test3']
1: 26.0 ['test5', 'test7']
2: 63.0 ['test0', 'test6']
3: 63.0 ['test1', 'test4']
--------------------------------------------------------------------------------
test0: ([(0, 1, 2772280000000L, 2)], [(True, True, True, True)])
test1: ([(0, 1, 2240780000000L, 1)], [(True, True, True, True)])
test2: ([(0, 1, 2769260000000L, 0)], [(True, False, False, False)])
test3: ([(0, 1, 2769400000000L, 0)], [(True, False, False, False)])
test4: ([(0, 1, 2196460000000L, 3)], [(True, True, True, True)])
test5: ([(0, 1, 2196220000000L, 1)], [(True, True, True, True)])
test6: ([(0, 1, 2201920000000L, 3)], [(True, True, True, True)])
test7: ([(0, 1, 2727860000000L, 2)], [(True, True, True, True)])
--------------------------------------------------------------------------------
0: 101.0 ['test2', 'test3']
1: 62.0 ['test1', 'test5']
2: 61.0 ['test0', 'test7']
3: 32.0 ['test4', 'test6']
--------------------------------------------------------------------------------
test0: ([(0, 1, 2772710000000L, 1)], [(True, True, True, True)])
test1: ([(0, 1, 2241240000000L, 2)], [(True, True, True, True)])
test2: ([(0, 1, 2769760000000L, 0)], [(True, False, False, False)])
test3: ([(0, 1, 2769900000000L, 0)], [(True, False, False, False)])
test4: ([(0, 1, 2196620000000L, 3)], [(True, True, True, True)])
test5: ([(0, 1, 2196380000000L, 1)], [(True, True, True, True)])
test6: ([(0, 1, 2202090000000L, 3)], [(True, True, True, True)])
test7: ([(0, 1, 2728020000000L, 3)], [(True, True, True, True)])
--------------------------------------------------------------------------------
0: 100.0 ['test2', 'test3']
1: 59.0 ['test0', 'test5']
2: 46.0 ['test1']
3: 49.0 ['test4', 'test6', 'test7']
--------------------------------------------------------------------------------
test0: ([(0, 1, 2773120000000L, 1)], [(True, True, True, True)])
test1: ([(0, 1, 2241700000000L, 3)], [(True, True, True, True)])
test2: ([(0, 1, 2770250000000L, 0)], [(True, False, False, False)])
test3: ([(0, 1, 2770390000000L, 0)], [(True, False, False, False)])
test4: ([(0, 1, 2196790000000L, 2)], [(True, True, True, True)])
test5: ([(0, 1, 2196540000000L, 1)], [(True, True, True, True)])
test6: ([(0, 1, 2202260000000L, 3)], [(True, True, True, True)])
test7: ([(0, 1, 2728190000000L, 2)], [(True, True, True, True)])
--------------------------------------------------------------------------------
0: 98.0 ['test2', 'test3']
1: 57.0 ['test0', 'test5']
2: 34.0 ['test4', 'test7']
3: 63.0 ['test1', 'test6']
--------------------------------------------------------------------------------
