Script started on Mon 19 Feb 2018 04:06:16 PM EST
]0;dev@ubuntu: ~/src/AdvancedOS/project1/cs6210Project1_test/test/memory[01;32mdev@ubuntu[00m:[01;34m~/src/AdvancedOS/project1/cs6210Project1_test/test/memory[00m$ ./monitor.p
py 
test0: Actual: 512.0  Available: 464.171875 Unused: 370.96484375
test1: Actual: 512.0  Available: 464.171875 Unused: 281.484375
test2: Actual: 512.0  Available: 464.171875 Unused: 279.04296875
test3: Actual: 512.0  Available: 464.171875 Unused: 318.16015625
--------------------------------------------------------------------------------
total  :              4028164 KiB
free   :               572040 KiB
buffers:                29596 KiB
cached :               349136 KiB


--------------------------------------------------------------------------------
test0: Actual: 512.0  Available: 464.171875 Unused: 370.96484375
test1: Actual: 512.0  Available: 464.171875 Unused: 281.484375
test2: Actual: 512.0  Available: 464.171875 Unused: 279.04296875
test3: Actual: 512.0  Available: 464.171875 Unused: 318.16015625
--------------------------------------------------------------------------------
total  :              4028164 KiB
free   :               571236 KiB
buffers:                29604 KiB
cached :               349136 KiB


--------------------------------------------------------------------------------
test0: Actual: 512.0  Available: 464.171875 Unused: 370.96484375
test1: Actual: 512.0  Available: 464.171875 Unused: 281.484375
test2: Actual: 512.0  Available: 464.171875 Unused: 279.04296875
test3: Actual: 512.0  Available: 464.171875 Unused: 318.16015625
--------------------------------------------------------------------------------
total  :              4028164 KiB
free   :               568976 KiB
buffers:                29612 KiB
cached :               349132 KiB


--------------------------------------------------------------------------------
test0: Actual: 512.0  Available: 464.171875 Unused: 363.9765625
test1: Actual: 512.0  Available: 464.171875 Unused: 281.484375
test2: Actual: 512.0  Available: 464.171875 Unused: 279.04296875
test3: Actual: 512.0  Available: 464.171875 Unused: 318.16015625
--------------------------------------------------------------------------------
total  :              4028164 KiB
free   :               568996 KiB
buffers:                29612 KiB
cached :               349260 KiB


--------------------------------------------------------------------------------
test0: Actual: 471.59375  Available: 423.765625 Unused: 309.36328125
test1: Actual: 530.94140625  Available: 464.171875 Unused: 281.484375
test2: Actual: 533.46875  Available: 485.640625 Unused: 301.05859375
test3: Actual: 512.0  Available: 464.171875 Unused: 318.16015625
--------------------------------------------------------------------------------
total  :              4028164 KiB
free   :               612660 KiB
buffers:                29612 KiB
cached :               349260 KiB


--------------------------------------------------------------------------------
test0: Actual: 471.59375  Available: 423.765625 Unused: 296.04296875
test1: Actual: 539.7734375  Available: 491.9453125 Unused: 309.3359375
test2: Actual: 537.83203125  Available: 490.00390625 Unused: 304.8125
test3: Actual: 498.80859375  Available: 450.98046875 Unused: 305.421875
--------------------------------------------------------------------------------
total  :              4028164 KiB
free   :               621920 KiB
buffers:                29628 KiB
cached :               349412 KiB


--------------------------------------------------------------------------------
test0: Actual: 484.0234375  Available: 436.1953125 Unused: 290.95703125
test1: Actual: 533.12890625  Available: 485.30078125 Unused: 303.28125
test2: Actual: 537.83203125  Available: 490.00390625 Unused: 304.8125
test3: Actual: 493.03125  Available: 445.203125 Unused: 299.609375
--------------------------------------------------------------------------------
total  :              4028164 KiB
free   :               615028 KiB
buffers:                29628 KiB
cached :               349412 KiB


--------------------------------------------------------------------------------
test0: Actual: 498.0859375  Available: 450.2578125 Unused: 286.9609375
test1: Actual: 526.0  Available: 478.171875 Unused: 296.13671875
test2: Actual: 530.90625  Available: 483.078125 Unused: 298.515625
test3: Actual: 493.03125  Available: 445.203125 Unused: 299.640625
--------------------------------------------------------------------------------
total  :              4028164 KiB
free   :               604024 KiB
buffers:                29628 KiB
cached :               349420 KiB


--------------------------------------------------------------------------------
test0: Actual: 511.4140625  Available: 463.5859375 Unused: 282.48046875
test1: Actual: 526.0  Available: 478.171875 Unused: 296.13671875
test2: Actual: 523.91796875  Available: 476.08984375 Unused: 291.4921875
test3: Actual: 486.69140625  Available: 438.86328125 Unused: 293.34375
--------------------------------------------------------------------------------
total  :              4028164 KiB
free   :               591220 KiB
buffers:                29636 KiB
cached :               349420 KiB


--------------------------------------------------------------------------------
test0: Actual: 524.765625  Available: 476.9375 Unused: 277.87890625
test1: Actual: 519.171875  Available: 471.34375 Unused: 289.35546875
test2: Actual: 523.91796875  Available: 476.08984375 Unused: 291.4921875
test3: Actual: 480.171875  Available: 432.34375 Unused: 286.8046875
--------------------------------------------------------------------------------
total  :              4028164 KiB
free   :               573588 KiB
buffers:                29636 KiB
cached :               349424 KiB


--------------------------------------------------------------------------------
test0: Actual: 538.5234375  Available: 490.6953125 Unused: 273.3984375
test1: Actual: 512.22265625  Available: 464.39453125 Unused: 282.33203125
test2: Actual: 517.11328125  Available: 469.28515625 Unused: 284.7109375
test3: Actual: 480.171875  Available: 432.34375 Unused: 286.8046875
--------------------------------------------------------------------------------
total  :              4028164 KiB
free   :               555376 KiB
buffers:                29636 KiB
cached :               349424 KiB


--------------------------------------------------------------------------------
test0: Actual: 552.27734375  Available: 504.44921875 Unused: 268.91796875
test1: Actual: 512.22265625  Available: 464.39453125 Unused: 282.33203125
test2: Actual: 510.06640625  Available: 462.23828125 Unused: 277.6875
test3: Actual: 473.46875  Available: 425.640625 Unused: 280.14453125
--------------------------------------------------------------------------------
total  :              4028164 KiB
free   :               540064 KiB
buffers:                29644 KiB
cached :               349456 KiB


--------------------------------------------------------------------------------
test0: Actual: 565.75  Available: 517.921875 Unused: 264.1953125
test1: Actual: 505.515625  Available: 457.6875 Unused: 275.671875
test2: Actual: 510.06640625  Available: 462.23828125 Unused: 277.6875
test3: Actual: 466.70703125  Available: 418.87890625 Unused: 273.36328125
--------------------------------------------------------------------------------
total  :              4028164 KiB
free   :               524392 KiB
buffers:                29644 KiB
cached :               349464 KiB


--------------------------------------------------------------------------------
test0: Actual: 579.4453125  Available: 531.6171875 Unused: 259.59375
test1: Actual: 498.56640625  Available: 450.73828125 Unused: 268.6484375
test2: Actual: 503.3203125  Available: 455.4921875 Unused: 270.90625
test3: Actual: 466.70703125  Available: 418.87890625 Unused: 273.36328125
--------------------------------------------------------------------------------
total  :              4028164 KiB
free   :               507476 KiB
buffers:                29652 KiB
cached :               349456 KiB


--------------------------------------------------------------------------------
test0: Actual: 594.01953125  Available: 545.19140625 Unused: 255.11328125
test1: Actual: 496.56640625  Available: 450.73828125 Unused: 268.6484375
test2: Actual: 496.63671875  Available: 448.80859375 Unused: 264.24609375
test3: Actual: 459.82421875  Available: 411.99609375 Unused: 266.4609375
--------------------------------------------------------------------------------
total  :              4028164 KiB
free   :               495532 KiB
buffers:                29652 KiB
cached :               349472 KiB


--------------------------------------------------------------------------------
test0: Actual: 613.20703125  Available: 558.7265625 Unused: 250.75390625
test1: Actual: 491.80078125  Available: 443.97265625 Unused: 262.01953125
test2: Actual: 489.984375  Available: 448.80859375 Unused: 264.05859375
test3: Actual: 453.0625  Available: 405.234375 Unused: 259.6796875
--------------------------------------------------------------------------------
total  :              4028164 KiB
free   :               481860 KiB
buffers:                29652 KiB
cached :               349472 KiB


--------------------------------------------------------------------------------
test0: Actual: 626.7578125  Available: 572.1640625 Unused: 246.15234375
test1: Actual: 485.01953125  Available: 437.19140625 Unused: 255.23828125
test2: Actual: 489.984375  Available: 442.15625 Unused: 257.3984375
test3: Actual: 446.30078125  Available: 405.234375 Unused: 259.6796875
--------------------------------------------------------------------------------
total  :              4028164 KiB
free   :               465812 KiB
buffers:                29660 KiB
cached :               349468 KiB


--------------------------------------------------------------------------------
test0: Actual: 640.5  Available: 585.765625 Unused: 241.4296875
test1: Actual: 478.1171875  Available: 437.19140625 Unused: 255.23828125
test2: Actual: 483.15234375  Available: 435.32421875 Unused: 250.49609375
test3: Actual: 446.30078125  Available: 398.47265625 Unused: 252.8984375
--------------------------------------------------------------------------------
total  :              4028164 KiB
free   :               447792 KiB
buffers:                29660 KiB
cached :               349472 KiB


--------------------------------------------------------------------------------
test0: Actual: 654.0390625  Available: 599.6171875 Unused: 237.3125
test1: Actual: 478.1171875  Available: 430.2890625 Unused: 248.3359375
test2: Actual: 476.5625  Available: 435.32421875 Unused: 250.49609375
test3: Actual: 439.35546875  Available: 391.52734375 Unused: 245.99609375
--------------------------------------------------------------------------------
total  :              4028164 KiB
free   :               430800 KiB
buffers:                29660 KiB
cached :               349472 KiB


--------------------------------------------------------------------------------
test0: Actual: 666.46484375  Available: 612.91796875 Unused: 234.55859375
test1: Actual: 471.41015625  Available: 423.58203125 Unused: 241.5546875
test2: Actual: 476.5625  Available: 428.734375 Unused: 243.98828125
test3: Actual: 433.63671875  Available: 391.52734375 Unused: 245.99609375
--------------------------------------------------------------------------------
total  :              4028164 KiB
free   :               416108 KiB
buffers:                29660 KiB
cached :               349472 KiB


--------------------------------------------------------------------------------
test0: Actual: 678.67578125  Available: 624.5625 Unused: 228.98828125
test1: Actual: 465.12890625  Available: 423.58203125 Unused: 241.5546875
test2: Actual: 470.63671875  Available: 422.80859375 Unused: 238.0546875
test3: Actual: 433.63671875  Available: 385.80859375 Unused: 240.3046875
--------------------------------------------------------------------------------
total  :              4028164 KiB
free   :               397804 KiB
buffers:                29660 KiB
cached :               349476 KiB


--------------------------------------------------------------------------------
test0: Actual: 692.5625  Available: 637.83984375 Unused: 224.265625
test1: Actual: 465.12890625  Available: 417.30078125 Unused: 235.2578125
test2: Actual: 463.7421875  Available: 422.80859375 Unused: 238.0546875
test3: Actual: 426.6484375  Available: 378.8203125 Unused: 233.28125
--------------------------------------------------------------------------------
total  :              4028164 KiB
free   :               378748 KiB
buffers:                29660 KiB
cached :               349480 KiB


--------------------------------------------------------------------------------
test0: Actual: 705.65625  Available: 651.140625 Unused: 219.90625
test1: Actual: 458.7265625  Available: 410.8984375 Unused: 228.83984375
test2: Actual: 463.7421875  Available: 415.9140625 Unused: 231.15234375
test3: Actual: 419.9609375  Available: 378.8203125 Unused: 233.28125
--------------------------------------------------------------------------------
total  :              4028164 KiB
free   :               360560 KiB
buffers:                29668 KiB
cached :               349472 KiB


--------------------------------------------------------------------------------
test0: Actual: 718.95703125  Available: 664.421875 Unused: 215.42578125
test1: Actual: 452.01953125  Available: 410.8984375 Unused: 228.83984375
test2: Actual: 457.15234375  Available: 409.32421875 Unused: 224.61328125
test3: Actual: 419.9609375  Available: 372.1328125 Unused: 226.43359375
--------------------------------------------------------------------------------
total  :              4028164 KiB
free   :               342084 KiB
buffers:                29668 KiB
cached :               349480 KiB


--------------------------------------------------------------------------------
test0: Actual: 732.62890625  Available: 677.84375 Unused: 210.703125
test1: Actual: 452.01953125  Available: 404.19140625 Unused: 222.1796875
test2: Actual: 450.19921875  Available: 409.32421875 Unused: 224.61328125
test3: Actual: 413.24609375  Available: 365.41796875 Unused: 219.65234375
--------------------------------------------------------------------------------
total  :              4028164 KiB
free   :               317496 KiB
buffers:                29668 KiB
cached :               349480 KiB


--------------------------------------------------------------------------------
test0: Actual: 746.01953125  Available: 691.4765625 Unused: 206.22265625
test1: Actual: 445.34765625  Available: 397.51953125 Unused: 215.33203125
test2: Actual: 450.19921875  Available: 402.37109375 Unused: 217.58984375
test3: Actual: 406.53125  Available: 365.41796875 Unused: 219.65234375
--------------------------------------------------------------------------------
total  :              4028164 KiB
free   :               298660 KiB
buffers:                29676 KiB
cached :               349480 KiB


--------------------------------------------------------------------------------
test0: Actual: 759.52734375  Available: 704.96484375 Unused: 201.86328125
test1: Actual: 438.61328125  Available: 397.51953125 Unused: 215.33203125
test2: Actual: 443.42578125  Available: 395.59765625 Unused: 210.80859375
test3: Actual: 406.53125  Available: 358.703125 Unused: 212.9921875
--------------------------------------------------------------------------------
total  :              4028164 KiB
free   :               280548 KiB
buffers:                29676 KiB
cached :               349480 KiB


--------------------------------------------------------------------------------
test0: Actual: 773.140625  Available: 718.4765625 Unused: 197.140625
test1: Actual: 438.61328125  Available: 390.78515625 Unused: 208.55078125
test2: Actual: 436.59375  Available: 395.59765625 Unused: 210.80859375
test3: Actual: 399.7578125  Available: 351.9296875 Unused: 206.2109375
--------------------------------------------------------------------------------
total  :              4028164 KiB
free   :               261568 KiB
buffers:                29676 KiB
cached :               349484 KiB


--------------------------------------------------------------------------------
test0: Actual: 773.140625  Available: 725.3125 Unused: 186.0
test1: Actual: 432.3046875  Available: 384.4765625 Unused: 202.25390625
test2: Actual: 436.59375  Available: 388.765625 Unused: 204.02734375
test3: Actual: 385.01953125  Available: 351.9296875 Unused: 206.2421875
--------------------------------------------------------------------------------
total  :              4028164 KiB
free   :               243384 KiB
buffers:                29676 KiB
cached :               349488 KiB


--------------------------------------------------------------------------------
test0: Actual: 773.140625  Available: 725.3125 Unused: 167.3515625
test1: Actual: 396.33203125  Available: 384.4765625 Unused: 202.25390625
test2: Actual: 413.75  Available: 365.921875 Unused: 181.140625
test3: Actual: 385.01953125  Available: 337.19140625 Unused: 191.46875
--------------------------------------------------------------------------------
total  :              4028164 KiB
free   :               220992 KiB
buffers:                29684 KiB
cached :               349480 KiB


--------------------------------------------------------------------------------
test0: Actual: 773.140625  Available: 725.3125 Unused: 149.1875
test1: Actual: 396.33203125  Available: 348.50390625 Unused: 166.2890625
test2: Actual: 360.1171875  Available: 365.921875 Unused: 181.140625
test3: Actual: 340.4921875  Available: 292.6640625 Unused: 146.90625
--------------------------------------------------------------------------------
total  :              4028164 KiB
free   :               203208 KiB
buffers:                29684 KiB
cached :               349488 KiB


--------------------------------------------------------------------------------
test0: Actual: 773.140625  Available: 725.3125 Unused: 130.78125
test1: Actual: 333.3125  Available: 285.484375 Unused: 103.3203125
test2: Actual: 360.1171875  Available: 312.2890625 Unused: 127.49609375
test3: Actual: 269.90625  Available: 292.6640625 Unused: 146.90625
--------------------------------------------------------------------------------
total  :              4028164 KiB
free   :               187724 KiB
buffers:                29684 KiB
cached :               349488 KiB


--------------------------------------------------------------------------------
test0: Actual: 705.82421875  Available: 725.3125 Unused: 112.375
test1: Actual: 333.3125  Available: 285.484375 Unused: 103.3203125
test2: Actual: 288.7421875  Available: 240.9140625 Unused: 78.37890625
test3: Actual: 269.90625  Available: 222.078125 Unused: 76.4296875
--------------------------------------------------------------------------------
total  :              4028164 KiB
free   :               258440 KiB
buffers:                29692 KiB
cached :               349496 KiB


--------------------------------------------------------------------------------
test0: Actual: 554.1328125  Available: 655.3046875 Unused: 578.7578125
test1: Actual: 333.3125  Available: 285.484375 Unused: 103.3203125
test2: Actual: 288.7421875  Available: 240.9140625 Unused: 78.37890625
test3: Actual: 521.0703125  Available: 222.078125 Unused: 76.4296875
--------------------------------------------------------------------------------
total  :              4028164 KiB
free   :               424432 KiB
buffers:                29692 KiB
cached :               349496 KiB


--------------------------------------------------------------------------------
test0: Actual: 327.33984375  Available: 279.51171875 Unused: 203.03515625
test1: Actual: 445.2109375  Available: 285.484375 Unused: 103.3203125
test2: Actual: 413.375  Available: 365.546875 Unused: 202.984375
test3: Actual: 409.171875  Available: 473.2421875 Unused: 327.1171875
--------------------------------------------------------------------------------
total  :              4028164 KiB
free   :               641792 KiB
buffers:                29692 KiB
cached :               349500 KiB


--------------------------------------------------------------------------------
test0: Actual: 333.125  Available: 279.51171875 Unused: 203.03515625
test1: Actual: 439.42578125  Available: 397.3828125 Unused: 214.60546875
test2: Actual: 419.7890625  Available: 371.9609375 Unused: 209.40234375
test3: Actual: 402.76171875  Available: 354.93359375 Unused: 209.390625
--------------------------------------------------------------------------------
total  :              4028164 KiB
free   :               641824 KiB
buffers:                29700 KiB
cached :               349516 KiB


--------------------------------------------------------------------------------
test0: Actual: 333.72265625  Available: 285.89453125 Unused: 208.84375
test1: Actual: 439.1171875  Available: 391.0 Unused: 208.82421875
test2: Actual: 419.5  Available: 371.9609375 Unused: 209.40234375
test3: Actual: 402.76171875  Available: 354.93359375 Unused: 209.390625
--------------------------------------------------------------------------------
total  :              4028164 KiB
free   :               642384 KiB
buffers:                29700 KiB
cached :               349516 KiB


--------------------------------------------------------------------------------
test0: Actual: 333.72265625  Available: 285.89453125 Unused: 208.84765625
test1: Actual: 439.6953125  Available: 391.578125 Unused: 208.82421875
test2: Actual: 418.921875  Available: 371.3828125 Unused: 209.40234375
test3: Actual: 402.76171875  Available: 354.93359375 Unused: 209.390625
--------------------------------------------------------------------------------
total  :              4028164 KiB
free   :               642204 KiB
buffers:                29700 KiB
cached :               349516 KiB


--------------------------------------------------------------------------------
test0: Actual: 333.99609375  Available: 286.16796875 Unused: 209.0625
test1: Actual: 439.6953125  Available: 391.8671875 Unused: 209.06640625
test2: Actual: 418.921875  Available: 371.09375 Unused: 209.16015625
test3: Actual: 402.4921875  Available: 354.6640625 Unused: 209.1484375
--------------------------------------------------------------------------------
total  :              4028164 KiB
free   :               641900 KiB
buffers:                29704 KiB
cached :               349516 KiB


--------------------------------------------------------------------------------
test0: Actual: 333.99609375  Available: 286.16796875 Unused: 209.08984375
test1: Actual: 439.6953125  Available: 391.8671875 Unused: 209.06640625
test2: Actual: 418.921875  Available: 371.09375 Unused: 209.17578125
test3: Actual: 402.4921875  Available: 354.6640625 Unused: 209.1484375
--------------------------------------------------------------------------------
total  :              4028164 KiB
free   :               641492 KiB
buffers:                29704 KiB
cached :               349516 KiB


--------------------------------------------------------------------------------
test0: Actual: 333.99609375  Available: 286.16796875 Unused: 209.08984375
test1: Actual: 439.6953125  Available: 391.8671875 Unused: 209.06640625
test2: Actual: 418.921875  Available: 371.09375 Unused: 209.20703125
test3: Actual: 402.4921875  Available: 354.6640625 Unused: 209.1484375
--------------------------------------------------------------------------------
total  :              4028164 KiB
free   :               641976 KiB
buffers:                29704 KiB
cached :               349516 KiB


--------------------------------------------------------------------------------
test0: Actual: 333.99609375  Available: 286.16796875 Unused: 209.08984375
test1: Actual: 439.6953125  Available: 391.8671875 Unused: 209.06640625
test2: Actual: 418.921875  Available: 371.09375 Unused: 209.20703125
test3: Actual: 402.4921875  Available: 354.6640625 Unused: 209.1484375
--------------------------------------------------------------------------------
total  :              4028164 KiB
free   :               641328 KiB
buffers:                29704 KiB
cached :               349520 KiB


--------------------------------------------------------------------------------
test0: Actual: 333.99609375  Available: 286.16796875 Unused: 209.08984375
test1: Actual: 439.6953125  Available: 391.8671875 Unused: 209.06640625
test2: Actual: 418.921875  Available: 371.09375 Unused: 209.20703125
test3: Actual: 402.4921875  Available: 354.6640625 Unused: 209.1484375
--------------------------------------------------------------------------------
total  :              4028164 KiB
free   :               641060 KiB
buffers:                29704 KiB
cached :               349524 KiB


--------------------------------------------------------------------------------
test0: Actual: 333.99609375  Available: 286.16796875 Unused: 209.08984375
test1: Actual: 439.6953125  Available: 391.8671875 Unused: 209.06640625
test2: Actual: 418.921875  Available: 371.09375 Unused: 209.20703125
test3: Actual: 402.4921875  Available: 354.6640625 Unused: 209.1484375
--------------------------------------------------------------------------------
total  :              4028164 KiB
free   :               641092 KiB
buffers:                29712 KiB
cached :               349524 KiB


--------------------------------------------------------------------------------
test0: Actual: 333.99609375  Available: 286.16796875 Unused: 209.08984375
test1: Actual: 439.6953125  Available: 391.8671875 Unused: 209.06640625
test2: Actual: 418.921875  Available: 371.09375 Unused: 209.20703125
test3: Actual: 402.4921875  Available: 354.6640625 Unused: 209.1484375
--------------------------------------------------------------------------------
total  :              4028164 KiB
free   :               638880 KiB
buffers:                29712 KiB
cached :               349524 KiB


--------------------------------------------------------------------------------
test0: Actual: 333.99609375  Available: 286.16796875 Unused: 209.08984375
test1: Actual: 439.6953125  Available: 391.8671875 Unused: 209.06640625
test2: Actual: 418.921875  Available: 371.09375 Unused: 209.20703125
test3: Actual: 402.4921875  Available: 354.6640625 Unused: 209.1484375
--------------------------------------------------------------------------------
total  :              4028164 KiB
free   :               638352 KiB
buffers:                29712 KiB
cached :               349524 KiB


--------------------------------------------------------------------------------
test0: Actual: 333.99609375  Available: 286.16796875 Unused: 209.08984375
test1: Actual: 439.6953125  Available: 391.8671875 Unused: 209.06640625
test2: Actual: 418.921875  Available: 371.09375 Unused: 209.20703125
test3: Actual: 402.4921875  Available: 354.6640625 Unused: 209.1484375
--------------------------------------------------------------------------------
total  :              4028164 KiB
free   :               638408 KiB
buffers:                29712 KiB
cached :               349524 KiB


--------------------------------------------------------------------------------
^CTraceback (most recent call last):
  File "./monitor.py", line 55, in <module>
    s.run()
  File "/usr/lib/python2.7/sched.py", line 111, in run
    delayfunc(time - now)

exit
]0;dev@ubuntu: ~/src/AdvancedOS/project1/cs6210Project1_test/test/memory[01;32mdev@ubuntu[00m:[01;34m~/src/AdvancedOS/project1/cs6210Project1_test/test/memory[00m$ exit

Script done on Mon 19 Feb 2018 07:22:44 PM EST
