Script started on Mon 19 Feb 2018 04:10:07 PM EST
]0;dev@ubuntu: ~/src/AdvancedOS/project1/cs6210Project1_test/test/memory[01;32mdev@ubuntu[00m:[01;34m~/src/AdvancedOS/project1/cs6210Project1_test/test/memory[00m$ ./monitor.p
py 
test0: Actual: 383.7734375  Available: 335.9453125 Unused: 238.7109375
test1: Actual: 380.9765625  Available: 333.1484375 Unused: 239.38671875
test2: Actual: 383.421875  Available: 335.59375 Unused: 238.3359375
test3: Actual: 388.171875  Available: 340.34375 Unused: 239.8828125
--------------------------------------------------------------------------------
total  :              4028164 KiB
free   :               568096 KiB
buffers:                29484 KiB
cached :               357108 KiB


--------------------------------------------------------------------------------
test0: Actual: 512.0  Available: 464.171875 Unused: 366.80078125
test1: Actual: 512.0  Available: 464.171875 Unused: 370.046875
test2: Actual: 512.0  Available: 464.171875 Unused: 366.453125
test3: Actual: 512.0  Available: 464.171875 Unused: 363.6328125
--------------------------------------------------------------------------------
total  :              4028164 KiB
free   :               556984 KiB
buffers:                29492 KiB
cached :               357104 KiB


--------------------------------------------------------------------------------
test0: Actual: 512.0  Available: 464.171875 Unused: 357.90234375
test1: Actual: 512.0  Available: 464.171875 Unused: 360.15234375
test2: Actual: 512.0  Available: 464.171875 Unused: 355.31640625
test3: Actual: 512.0  Available: 464.171875 Unused: 354.23046875
--------------------------------------------------------------------------------
total  :              4028164 KiB
free   :               518372 KiB
buffers:                29492 KiB
cached :               357368 KiB


--------------------------------------------------------------------------------
test0: Actual: 510.04296875  Available: 462.21484375 Unused: 340.5859375
test1: Actual: 509.0390625  Available: 461.2109375 Unused: 340.65625
test2: Actual: 513.9609375  Available: 466.1328125 Unused: 340.1796875
test3: Actual: 514.9609375  Available: 467.1328125 Unused: 341.03125
--------------------------------------------------------------------------------
total  :              4028164 KiB
free   :               449840 KiB
buffers:                29492 KiB
cached :               357372 KiB


--------------------------------------------------------------------------------
test0: Actual: 510.04296875  Available: 462.21484375 Unused: 323.390625
test1: Actual: 509.0390625  Available: 461.2109375 Unused: 323.33984375
test2: Actual: 514.38671875  Available: 466.55859375 Unused: 323.5
test3: Actual: 514.53515625  Available: 466.70703125 Unused: 323.47265625
--------------------------------------------------------------------------------
total  :              4028164 KiB
free   :               381924 KiB
buffers:                29500 KiB
cached :               357440 KiB


--------------------------------------------------------------------------------
test0: Actual: 510.04296875  Available: 462.21484375 Unused: 306.80078125
test1: Actual: 509.0390625  Available: 461.2109375 Unused: 306.75
test2: Actual: 514.38671875  Available: 466.55859375 Unused: 306.7890625
test3: Actual: 514.53515625  Available: 466.70703125 Unused: 306.640625
--------------------------------------------------------------------------------
total  :              4028164 KiB
free   :               313668 KiB
buffers:                29500 KiB
cached :               357440 KiB


--------------------------------------------------------------------------------
test0: Actual: 510.04296875  Available: 462.21484375 Unused: 289.96875
test1: Actual: 509.0390625  Available: 461.2109375 Unused: 289.91796875
test2: Actual: 514.38671875  Available: 466.55859375 Unused: 289.71484375
test3: Actual: 514.53515625  Available: 466.70703125 Unused: 289.80859375
--------------------------------------------------------------------------------
total  :              4028164 KiB
free   :               244368 KiB
buffers:                29500 KiB
cached :               357440 KiB


--------------------------------------------------------------------------------
test0: Actual: 490.8515625  Available: 443.0234375 Unused: 254.48828125
test1: Actual: 509.0390625  Available: 461.2109375 Unused: 273.44921875
test2: Actual: 514.38671875  Available: 466.55859375 Unused: 273.125
test3: Actual: 463.40625  Available: 415.578125 Unused: 222.359375
--------------------------------------------------------------------------------
total  :              4028164 KiB
free   :               177576 KiB
buffers:                29508 KiB
cached :               357444 KiB


--------------------------------------------------------------------------------
test0: Actual: 490.8515625  Available: 443.0234375 Unused: 237.4140625
test1: Actual: 425.18359375  Available: 377.35546875 Unused: 173.0625
test2: Actual: 455.71875  Available: 407.890625 Unused: 197.8046875
test3: Actual: 463.40625  Available: 415.578125 Unused: 205.28515625
--------------------------------------------------------------------------------
total  :              4028164 KiB
free   :               214784 KiB
buffers:                29508 KiB
cached :               357444 KiB


--------------------------------------------------------------------------------
test0: Actual: 445.3359375  Available: 397.5078125 Unused: 174.56640625
test1: Actual: 425.18359375  Available: 377.35546875 Unused: 155.98828125
test2: Actual: 455.71875  Available: 407.890625 Unused: 180.24609375
test3: Actual: 400.61328125  Available: 352.78515625 Unused: 125.0
--------------------------------------------------------------------------------
total  :              4028164 KiB
free   :               181576 KiB
buffers:                29508 KiB
cached :               357444 KiB


--------------------------------------------------------------------------------
test0: Actual: 426.2734375  Available: 378.4453125 Unused: 138.1171875
test1: Actual: 425.18359375  Available: 377.35546875 Unused: 138.1875
test2: Actual: 377.41015625  Available: 329.58203125 Unused: 85.1875
test3: Actual: 400.61328125  Available: 352.78515625 Unused: 107.5625
--------------------------------------------------------------------------------
total  :              4028164 KiB
free   :               224320 KiB
buffers:                29508 KiB
cached :               357448 KiB


--------------------------------------------------------------------------------
test0: Actual: 411.32421875  Available: 363.49609375 Unused: 105.90625
test1: Actual: 388.73828125  Available: 340.91015625 Unused: 84.78515625
test2: Actual: 377.41015625  Available: 329.58203125 Unused: 68.234375
test3: Actual: 400.61328125  Available: 352.78515625 Unused: 90.3671875
--------------------------------------------------------------------------------
total  :              4028164 KiB
free   :               227528 KiB
buffers:                29508 KiB
cached :               357460 KiB


--------------------------------------------------------------------------------
test0: Actual: 378.49609375  Available: 330.66796875 Unused: 72.43359375
test1: Actual: 388.73828125  Available: 340.91015625 Unused: 67.83203125
test2: Actual: 377.41015625  Available: 329.58203125 Unused: 66.01171875
test3: Actual: 381.15234375  Available: 333.32421875 Unused: 70.3515625
--------------------------------------------------------------------------------
total  :              4028164 KiB
free   :               251700 KiB
buffers:                29516 KiB
cached :               357460 KiB


--------------------------------------------------------------------------------
test0: Actual: 369.62890625  Available: 321.80078125 Unused: 244.19921875
test1: Actual: 388.73828125  Available: 340.91015625 Unused: 73.98828125
test2: Actual: 286.17578125  Available: 238.34765625 Unused: 157.6015625
test3: Actual: 472.38671875  Available: 395.32421875 Unused: 313.58203125
--------------------------------------------------------------------------------
total  :              4028164 KiB
free   :               356828 KiB
buffers:                29516 KiB
cached :               357644 KiB


--------------------------------------------------------------------------------
test0: Actual: 369.62890625  Available: 321.80078125 Unused: 244.23046875
test1: Actual: 396.65234375  Available: 399.70703125 Unused: 321.05859375
test2: Actual: 398.05859375  Available: 350.23046875 Unused: 269.0078125
test3: Actual: 352.58984375  Available: 304.76171875 Unused: 223.62109375
--------------------------------------------------------------------------------
total  :              4028164 KiB
free   :               530224 KiB
buffers:                29516 KiB
cached :               357752 KiB


--------------------------------------------------------------------------------
test0: Actual: 369.62890625  Available: 321.80078125 Unused: 244.26171875
test1: Actual: 371.73828125  Available: 323.91015625 Unused: 244.64453125
test2: Actual: 374.25390625  Available: 326.42578125 Unused: 245.87890625
test3: Actual: 401.30859375  Available: 353.48046875 Unused: 271.81640625
--------------------------------------------------------------------------------
total  :              4028164 KiB
free   :               536868 KiB
buffers:                29524 KiB
cached :               357744 KiB


--------------------------------------------------------------------------------
test0: Actual: 383.40625  Available: 335.578125 Unused: 258.06640625
test1: Actual: 379.5703125  Available: 331.7421875 Unused: 252.51171875
test2: Actual: 377.25390625  Available: 326.42578125 Unused: 245.87890625
test3: Actual: 379.69921875  Available: 331.87109375 Unused: 250.74609375
--------------------------------------------------------------------------------
total  :              4028164 KiB
free   :               537504 KiB
buffers:                29524 KiB
cached :               357800 KiB


--------------------------------------------------------------------------------
test0: Actual: 377.3125  Available: 329.484375 Unused: 251.98828125
test1: Actual: 378.1015625  Available: 330.85546875 Unused: 252.15625
test2: Actual: 380.34765625  Available: 332.51953125 Unused: 251.328125
test3: Actual: 381.171875  Available: 332.7578125 Unused: 250.98828125
--------------------------------------------------------------------------------
total  :              4028164 KiB
free   :               535648 KiB
buffers:                29524 KiB
cached :               357808 KiB


--------------------------------------------------------------------------------
test0: Actual: 376.55078125  Available: 328.72265625 Unused: 251.26171875
test1: Actual: 379.390625  Available: 331.0390625 Unused: 250.546875
test2: Actual: 380.34765625  Available: 332.51953125 Unused: 250.75390625
test3: Actual: 380.6484375  Available: 333.34375 Unused: 251.59375
--------------------------------------------------------------------------------
total  :              4028164 KiB
free   :               535260 KiB
buffers:                29532 KiB
cached :               357800 KiB


--------------------------------------------------------------------------------
test0: Actual: 375.9921875  Available: 328.72265625 Unused: 251.26171875
test1: Actual: 379.390625  Available: 331.5625 Unused: 251.06640625
test2: Actual: 380.76953125  Available: 332.94140625 Unused: 250.75390625
test3: Actual: 380.79296875  Available: 332.40234375 Unused: 250.140625
--------------------------------------------------------------------------------
total  :              4028164 KiB
free   :               536552 KiB
buffers:                29532 KiB
cached :               357816 KiB


--------------------------------------------------------------------------------
test0: Actual: 375.9921875  Available: 328.1640625 Unused: 250.65625
test1: Actual: 378.6484375  Available: 330.8203125 Unused: 250.9453125
test2: Actual: 380.76953125  Available: 332.94140625 Unused: 250.75390625
test3: Actual: 381.5390625  Available: 333.4296875 Unused: 250.50390625
--------------------------------------------------------------------------------
total  :              4028164 KiB
free   :               535420 KiB
buffers:                29532 KiB
cached :               357844 KiB


--------------------------------------------------------------------------------
test0: Actual: 375.9921875  Available: 328.1640625 Unused: 250.65625
test1: Actual: 378.6484375  Available: 330.8203125 Unused: 250.9453125
test2: Actual: 380.76953125  Available: 332.94140625 Unused: 250.75390625
test3: Actual: 381.5390625  Available: 333.7109375 Unused: 250.74609375
--------------------------------------------------------------------------------
total  :              4028164 KiB
free   :               535164 KiB
buffers:                29532 KiB
cached :               357848 KiB


--------------------------------------------------------------------------------
test0: Actual: 375.9921875  Available: 328.1640625 Unused: 250.65625
test1: Actual: 378.6484375  Available: 330.8203125 Unused: 250.9453125
test2: Actual: 380.76953125  Available: 332.94140625 Unused: 250.75390625
test3: Actual: 381.5390625  Available: 333.7109375 Unused: 250.74609375
--------------------------------------------------------------------------------
total  :              4028164 KiB
free   :               534544 KiB
buffers:                29540 KiB
cached :               357848 KiB


--------------------------------------------------------------------------------
test0: Actual: 375.9921875  Available: 328.1640625 Unused: 250.65625
test1: Actual: 378.6484375  Available: 330.8203125 Unused: 250.9453125
test2: Actual: 380.76953125  Available: 332.94140625 Unused: 250.75390625
test3: Actual: 381.5390625  Available: 333.7109375 Unused: 250.74609375
--------------------------------------------------------------------------------
total  :              4028164 KiB
free   :               534608 KiB
buffers:                29540 KiB
cached :               357848 KiB


--------------------------------------------------------------------------------
test0: Actual: 375.9921875  Available: 328.1640625 Unused: 250.65625
test1: Actual: 378.6484375  Available: 330.8203125 Unused: 250.82421875
test2: Actual: 380.76953125  Available: 332.94140625 Unused: 250.75390625
test3: Actual: 381.5390625  Available: 333.7109375 Unused: 250.74609375
--------------------------------------------------------------------------------
total  :              4028164 KiB
free   :               533848 KiB
buffers:                29540 KiB
cached :               357856 KiB


--------------------------------------------------------------------------------
^CTraceback (most recent call last):
  File "./monitor.py", line 55, in <module>
    s.run()
  File "/usr/lib/python2.7/sched.py", line 111, in run
    delayfunc(time - now)
KeyboardInterrupt
exit
]0;dev@ubuntu: ~/src/AdvancedOS/project1/cs6210Project1_test/test/memory[01;32mdev@ubuntu[00m:[01;34m~/src/AdvancedOS/project1/cs6210Project1_test/test/memory[00m$ exit

Script done on Mon 19 Feb 2018 07:22:36 PM EST
