Script started on Mon 19 Feb 2018 04:08:17 PM EST
]0;dev@ubuntu: ~/src/AdvancedOS/project1/cs6210Project1_test/test/memory[01;32mdev@ubuntu[00m:[01;34m~/src/AdvancedOS/project1/cs6210Project1_test/test/memory[00m$ ./monitor.p
py 
test0: Actual: 333.99609375  Available: 286.16796875 Unused: 194.30078125
test1: Actual: 439.6953125  Available: 391.8671875 Unused: 209.12890625
test2: Actual: 418.921875  Available: 371.09375 Unused: 207.9375
test3: Actual: 402.4921875  Available: 354.6640625 Unused: 208.60546875
--------------------------------------------------------------------------------
total  :              4028164 KiB
free   :               602152 KiB
buffers:                29780 KiB
cached :               349616 KiB


--------------------------------------------------------------------------------
test0: Actual: 512.0  Available: 464.171875 Unused: 368.16015625
test1: Actual: 512.0  Available: 464.171875 Unused: 277.82421875
test2: Actual: 512.0  Available: 464.171875 Unused: 300.9375
test3: Actual: 512.0  Available: 464.171875 Unused: 314.953125
--------------------------------------------------------------------------------
total  :              4028164 KiB
free   :               583544 KiB
buffers:                29788 KiB
cached :               349620 KiB


--------------------------------------------------------------------------------
test0: Actual: 467.5  Available: 419.671875 Unused: 310.640625
test1: Actual: 556.50390625  Available: 508.67578125 Unused: 310.3984375
test2: Actual: 512.0  Available: 464.171875 Unused: 290.3828125
test3: Actual: 512.0  Available: 464.171875 Unused: 301.8828125
--------------------------------------------------------------------------------
total  :              4028164 KiB
free   :               553716 KiB
buffers:                29788 KiB
cached :               349828 KiB


--------------------------------------------------------------------------------
test0: Actual: 460.0390625  Available: 412.2109375 Unused: 285.33203125
test1: Actual: 549.421875  Available: 501.59375 Unused: 285.453125
test2: Actual: 526.55078125  Available: 478.72265625 Unused: 287.35546875
test3: Actual: 512.0  Available: 464.171875 Unused: 283.9609375
--------------------------------------------------------------------------------
total  :              4028164 KiB
free   :               486392 KiB
buffers:                29792 KiB
cached :               349828 KiB


--------------------------------------------------------------------------------
test0: Actual: 457.96484375  Available: 410.13671875 Unused: 264.625
test1: Actual: 545.83203125  Available: 498.00390625 Unused: 263.171875
test2: Actual: 532.21875  Available: 482.3125 Unused: 272.09765625
test3: Actual: 512.0  Available: 464.171875 Unused: 266.16015625
--------------------------------------------------------------------------------
total  :              4028164 KiB
free   :               407980 KiB
buffers:                29800 KiB
cached :               349892 KiB


--------------------------------------------------------------------------------
test0: Actual: 458.3125  Available: 410.484375 Unused: 247.30859375
test1: Actual: 547.328125  Available: 499.5 Unused: 247.671875
test2: Actual: 531.875  Available: 484.390625 Unused: 256.71875
test3: Actual: 510.5078125  Available: 462.6796875 Unused: 247.390625
--------------------------------------------------------------------------------
total  :              4028164 KiB
free   :               337992 KiB
buffers:                29800 KiB
cached :               349892 KiB


--------------------------------------------------------------------------------
test0: Actual: 458.3125  Available: 410.484375 Unused: 231.08203125
test1: Actual: 546.64453125  Available: 498.81640625 Unused: 228.90234375
test2: Actual: 532.55859375  Available: 484.046875 Unused: 238.0703125
test3: Actual: 510.5078125  Available: 462.6796875 Unused: 229.10546875
--------------------------------------------------------------------------------
total  :              4028164 KiB
free   :               264996 KiB
buffers:                29808 KiB
cached :               349884 KiB


--------------------------------------------------------------------------------
test0: Actual: 437.16796875  Available: 389.33984375 Unused: 193.1796875
test1: Actual: 546.64453125  Available: 498.81640625 Unused: 211.828125
test2: Actual: 477.87109375  Available: 484.73046875 Unused: 221.84375
test3: Actual: 510.5078125  Available: 462.6796875 Unused: 212.39453125
--------------------------------------------------------------------------------
total  :              4028164 KiB
free   :               188016 KiB
buffers:                29808 KiB
cached :               349904 KiB


--------------------------------------------------------------------------------
test0: Actual: 437.16796875  Available: 389.33984375 Unused: 175.2578125
test1: Actual: 458.8359375  Available: 411.0078125 Unused: 106.59765625
test2: Actual: 477.87109375  Available: 430.04296875 Unused: 151.24609375
test3: Actual: 397.7578125  Available: 462.6796875 Unused: 194.3515625
--------------------------------------------------------------------------------
total  :              4028164 KiB
free   :               144544 KiB
buffers:                29584 KiB
cached :               336772 KiB


--------------------------------------------------------------------------------
test0: Actual: 321.87890625  Available: 274.05078125 Unused: 71.1796875
test1: Actual: 458.8359375  Available: 411.0078125 Unused: 89.16015625
test2: Actual: 455.45703125  Available: 430.04296875 Unused: 133.4453125
test3: Actual: 397.7578125  Available: 349.9296875 Unused: 64.41796875
--------------------------------------------------------------------------------
total  :              4028164 KiB
free   :               230208 KiB
buffers:                29308 KiB
cached :               331212 KiB


--------------------------------------------------------------------------------
test0: Actual: 260.06640625  Available: 233.06640625 Unused: 155.95703125
test1: Actual: 458.8359375  Available: 411.0078125 Unused: 71.359375
test2: Actual: 455.45703125  Available: 407.62890625 Unused: 93.7265625
test3: Actual: 397.7578125  Available: 349.9296875 Unused: 71.53515625
--------------------------------------------------------------------------------
total  :              4028164 KiB
free   :               253884 KiB
buffers:                29328 KiB
cached :               331232 KiB


--------------------------------------------------------------------------------
test0: Actual: 232.40234375  Available: 195.20703125 Unused: 113.57421875
test1: Actual: 458.8359375  Available: 411.0078125 Unused: 76.37109375
test2: Actual: 455.45703125  Available: 407.62890625 Unused: 76.53125
test3: Actual: 397.7578125  Available: 349.9296875 Unused: 72.953125
--------------------------------------------------------------------------------
total  :              4028164 KiB
free   :               256128 KiB
buffers:                29328 KiB
cached :               331244 KiB


--------------------------------------------------------------------------------
test0: Actual: 221.27734375  Available: 176.32421875 Unused: 94.71484375
test1: Actual: 458.8359375  Available: 411.0078125 Unused: 77.25
test2: Actual: 455.45703125  Available: 407.62890625 Unused: 67.81640625
test3: Actual: 397.7578125  Available: 349.9296875 Unused: 76.80078125
--------------------------------------------------------------------------------
total  :              4028164 KiB
free   :               259524 KiB
buffers:                29328 KiB
cached :               331224 KiB


--------------------------------------------------------------------------------
test0: Actual: 217.34375  Available: 170.9375 Unused: 89.265625
test1: Actual: 458.8359375  Available: 411.0078125 Unused: 75.98046875
test2: Actual: 455.45703125  Available: 407.62890625 Unused: 67.33984375
test3: Actual: 397.7578125  Available: 349.9296875 Unused: 70.8125
--------------------------------------------------------------------------------
total  :              4028164 KiB
free   :               255828 KiB
buffers:                29336 KiB
cached :               336680 KiB


--------------------------------------------------------------------------------
test0: Actual: 217.34375  Available: 169.515625 Unused: 87.93359375
test1: Actual: 458.8359375  Available: 411.0078125 Unused: 75.8046875
test2: Actual: 455.45703125  Available: 407.62890625 Unused: 63.5234375
test3: Actual: 389.2734375  Available: 343.33984375 Unused: 257.5078125
--------------------------------------------------------------------------------
total  :              4028164 KiB
free   :               259056 KiB
buffers:                29336 KiB
cached :               337056 KiB


--------------------------------------------------------------------------------
test0: Actual: 217.34375  Available: 169.515625 Unused: 87.93359375
test1: Actual: 548.1953125  Available: 411.0078125 Unused: 75.64453125
test2: Actual: 455.45703125  Available: 407.62890625 Unused: 68.22265625
test3: Actual: 298.734375  Available: 340.26171875 Unused: 254.359375
--------------------------------------------------------------------------------
total  :              4028164 KiB
free   :               349900 KiB
buffers:                29336 KiB
cached :               337048 KiB


--------------------------------------------------------------------------------
test0: Actual: 247.34765625  Available: 169.515625 Unused: 87.93359375
test1: Actual: 518.1953125  Available: 500.3671875 Unused: 147.9375
test2: Actual: 503.84375  Available: 456.015625 Unused: 111.65625
test3: Actual: 256.0  Available: 208.171875 Unused: 122.24609375
--------------------------------------------------------------------------------
total  :              4028164 KiB
free   :               393872 KiB
buffers:                29348 KiB
cached :               337052 KiB


--------------------------------------------------------------------------------
test0: Actual: 247.34765625  Available: 199.51953125 Unused: 117.359375
test1: Actual: 524.54296875  Available: 476.71484375 Unused: 107.37109375
test2: Actual: 513.37890625  Available: 465.55078125 Unused: 104.26953125
test3: Actual: 256.0  Available: 208.171875 Unused: 122.24609375
--------------------------------------------------------------------------------
total  :              4028164 KiB
free   :               365320 KiB
buffers:                29348 KiB
cached :               337064 KiB


--------------------------------------------------------------------------------
test0: Actual: 247.34765625  Available: 199.51953125 Unused: 117.359375
test1: Actual: 536.28125  Available: 488.453125 Unused: 102.04296875
test2: Actual: 526.7265625  Available: 478.8984375 Unused: 100.03125
test3: Actual: 256.0  Available: 208.171875 Unused: 122.24609375
--------------------------------------------------------------------------------
total  :              4028164 KiB
free   :               332372 KiB
buffers:                29348 KiB
cached :               337064 KiB


--------------------------------------------------------------------------------
test0: Actual: 247.34765625  Available: 199.51953125 Unused: 117.359375
test1: Actual: 550.68359375  Available: 502.85546875 Unused: 99.015625
test2: Actual: 542.1953125  Available: 494.3671875 Unused: 97.609375
test3: Actual: 256.0  Available: 208.171875 Unused: 122.24609375
--------------------------------------------------------------------------------
total  :              4028164 KiB
free   :               295944 KiB
buffers:                29356 KiB
cached :               337352 KiB


--------------------------------------------------------------------------------
test0: Actual: 247.34765625  Available: 199.51953125 Unused: 117.359375
test1: Actual: 566.78125  Available: 518.953125 Unused: 97.19921875
test2: Actual: 559.0546875  Available: 511.2265625 Unused: 96.421875
test3: Actual: 256.0  Available: 208.171875 Unused: 122.24609375
--------------------------------------------------------------------------------
total  :              4028164 KiB
free   :               260992 KiB
buffers:                29356 KiB
cached :               337640 KiB


--------------------------------------------------------------------------------
test0: Actual: 232.8359375  Available: 199.51953125 Unused: 117.359375
test1: Actual: 566.78125  Available: 518.953125 Unused: 80.125
test2: Actual: 559.0546875  Available: 511.2265625 Unused: 79.234375
test3: Actual: 247.4375  Available: 199.609375 Unused: 113.6484375
--------------------------------------------------------------------------------
total  :              4028164 KiB
free   :               240852 KiB
buffers:                29356 KiB
cached :               337640 KiB


--------------------------------------------------------------------------------
test0: Actual: 218.20703125  Available: 185.0078125 Unused: 103.43359375
test1: Actual: 566.78125  Available: 518.953125 Unused: 62.6875
test2: Actual: 559.0546875  Available: 511.2265625 Unused: 73.67578125
test3: Actual: 222.56640625  Available: 174.73828125 Unused: 88.82421875
--------------------------------------------------------------------------------
total  :              4028164 KiB
free   :               243432 KiB
buffers:                29364 KiB
cached :               337640 KiB


--------------------------------------------------------------------------------
test0: Actual: 218.20703125  Available: 170.37890625 Unused: 88.78125
test1: Actual: 558.5078125  Available: 518.953125 Unused: 439.38671875
test2: Actual: 559.0546875  Available: 511.2265625 Unused: 429.73828125
test3: Actual: 202.72265625  Available: 154.89453125 Unused: 68.96484375
--------------------------------------------------------------------------------
total  :              4028164 KiB
free   :               259280 KiB
buffers:                29364 KiB
cached :               349080 KiB


--------------------------------------------------------------------------------
test0: Actual: 218.20703125  Available: 170.37890625 Unused: 88.78125
test1: Actual: 556.34765625  Available: 508.51953125 Unused: 429.41015625
test2: Actual: 378.66796875  Available: 433.2265625 Unused: 352.19140625
test3: Actual: 383.109375  Available: 154.89453125 Unused: 68.96484375
--------------------------------------------------------------------------------
total  :              4028164 KiB
free   :               444028 KiB
buffers:                29364 KiB
cached :               349080 KiB


--------------------------------------------------------------------------------
test0: Actual: 388.5234375  Available: 340.6953125 Unused: 258.1796875
test1: Actual: 380.9765625  Available: 338.20703125 Unused: 259.03125
test2: Actual: 378.66796875  Available: 330.83984375 Unused: 249.8671875
test3: Actual: 388.171875  Available: 335.28125 Unused: 248.91015625
--------------------------------------------------------------------------------
total  :              4028164 KiB
free   :               623148 KiB
buffers:                29372 KiB
cached :               349092 KiB


--------------------------------------------------------------------------------
test0: Actual: 383.7734375  Available: 336.53515625 Unused: 254.6796875
test1: Actual: 380.9765625  Available: 333.1484375 Unused: 254.06640625
test2: Actual: 383.421875  Available: 335.59375 Unused: 254.10546875
test3: Actual: 388.171875  Available: 340.34375 Unused: 253.99609375
--------------------------------------------------------------------------------
total  :              4028164 KiB
free   :               622912 KiB
buffers:                29372 KiB
cached :               349104 KiB


--------------------------------------------------------------------------------
test0: Actual: 383.7734375  Available: 335.9453125 Unused: 254.07421875
test1: Actual: 380.9765625  Available: 333.1484375 Unused: 254.09765625
test2: Actual: 383.421875  Available: 335.59375 Unused: 254.10546875
test3: Actual: 388.171875  Available: 340.34375 Unused: 254.02734375
--------------------------------------------------------------------------------
total  :              4028164 KiB
free   :               623084 KiB
buffers:                29372 KiB
cached :               349108 KiB


--------------------------------------------------------------------------------
test0: Actual: 383.7734375  Available: 335.9453125 Unused: 254.07421875
test1: Actual: 380.9765625  Available: 333.1484375 Unused: 254.09765625
test2: Actual: 383.421875  Available: 335.59375 Unused: 254.10546875
test3: Actual: 388.171875  Available: 340.34375 Unused: 254.02734375
--------------------------------------------------------------------------------
total  :              4028164 KiB
free   :               623456 KiB
buffers:                29380 KiB
cached :               349116 KiB


--------------------------------------------------------------------------------
test0: Actual: 383.7734375  Available: 335.9453125 Unused: 254.07421875
test1: Actual: 380.9765625  Available: 333.1484375 Unused: 254.09765625
test2: Actual: 383.421875  Available: 335.59375 Unused: 254.10546875
test3: Actual: 388.171875  Available: 340.34375 Unused: 254.02734375
--------------------------------------------------------------------------------
total  :              4028164 KiB
free   :               623244 KiB
buffers:                29380 KiB
cached :               349116 KiB


--------------------------------------------------------------------------------
^CTraceback (most recent call last):
  File "./monitor.py", line 55, in <module>
    s.run()
  File "/usr/lib/python2.7/sched.py", line 111, in run
    delayfunc(time - now)
KeyboardInterrupt
exit
]0;dev@ubuntu: ~/src/AdvancedOS/project1/cs6210Project1_test/test/memory[01;32mdev@ubuntu[00m:[01;34m~/src/AdvancedOS/project1/cs6210Project1_test/test/memory[00m$ exit

Script done on Mon 19 Feb 2018 07:22:41 PM EST
